<?xml version="1.0" encoding="UTF-8"?>
<testsuite name="cn.lineai.tool.ToolArgsCleanerTest" tests="20" skipped="0" failures="0" errors="0" timestamp="2026-09-04T04:09:00.898Z" hostname="runnervmgx7h7" time="0.016">
  <properties/>
  <testcase name="truncatedArrayGetsClosingBracket" classname="cn.lineai.tool.ToolArgsCleanerTest" time="0.006"/>
  <testcase name="trailingCommaInObject" classname="cn.lineai.tool.ToolArgsCleanerTest" time="0.001"/>
  <testcase name="unescapedWhitespaceControlCharactersAreEscaped" classname="cn.lineai.tool.ToolArgsCleanerTest" time="0.0"/>
  <testcase name="markdownFenceWithoutLanguageIdentifier" classname="cn.lineai.tool.ToolArgsCleanerTest" time="0.0"/>
  <testcase name="markdownFenceWithLanguageIdentifier" classname="cn.lineai.tool.ToolArgsCleanerTest" time="0.001"/>
  <testcase name="truncatedStringGetsClosingQuote" classname="cn.lineai.tool.ToolArgsCleanerTest" time="0.0"/>
  <testcase name="emptyAndNullReturnEmptyObject" classname="cn.lineai.tool.ToolArgsCleanerTest" time="0.0"/>
  <testcase name="inlineSingleLineComment" classname="cn.lineai.tool.ToolArgsCleanerTest" time="0.0"/>
  <testcase name="trailingCommaInArray" classname="cn.lineai.tool.ToolArgsCleanerTest" time="0.001"/>
  <testcase name="truncatedNestedStructuresAreBalanced" classname="cn.lineai.tool.ToolArgsCleanerTest" time="0.0"/>
  <testcase name="truncatedObjectGetsClosingBrace" classname="cn.lineai.tool.ToolArgsCleanerTest" time="0.0"/>
  <testcase name="nestedTrailingCommasAreRemoved" classname="cn.lineai.tool.ToolArgsCleanerTest" time="0.001"/>
  <testcase name="truncatedAgentPipelineFromLog" classname="cn.lineai.tool.ToolArgsCleanerTest" time="0.001"/>
  <testcase name="validJsonIsUnchanged" classname="cn.lineai.tool.ToolArgsCleanerTest" time="0.0"/>
  <testcase name="escapedControlSequencesArePreserved" classname="cn.lineai.tool.ToolArgsCleanerTest" time="0.0"/>
  <testcase name="multiLineComment" classname="cn.lineai.tool.ToolArgsCleanerTest" time="0.001"/>
  <testcase name="validJsonUnchangedByBalancing" classname="cn.lineai.tool.ToolArgsCleanerTest" time="0.0"/>
  <testcase name="simpleSingleQuotedObject" classname="cn.lineai.tool.ToolArgsCleanerTest" time="0.0"/>
  <testcase name="commentInsideStringIsPreserved" classname="cn.lineai.tool.ToolArgsCleanerTest" time="0.0"/>
  <testcase name="blockCommentInsideStringIsPreserved" classname="cn.lineai.tool.ToolArgsCleanerTest" time="0.001"/>
  <system-out><![CDATA[]]></system-out>
  <system-err><![CDATA[]]></system-err>
</testsuite>
