<?xml version="1.0" encoding="UTF-8"?>
<testsuite name="cn.lineai.tool.builtin.RootFileExecutorTest" tests="11" skipped="0" failures="1" errors="0" timestamp="2026-09-04T03:41:48.639Z" hostname="runnervmejwal" time="0.007">
  <properties/>
  <testcase name="statParsesExistsDirectoryAndSize" classname="cn.lineai.tool.builtin.RootFileExecutorTest" time="0.001"/>
  <testcase name="collectTreeRendersRelativeEntries" classname="cn.lineai.tool.builtin.RootFileExecutorTest" time="0.0"/>
  <testcase name="displayPathStripsWorkspacePrefix" classname="cn.lineai.tool.builtin.RootFileExecutorTest" time="0.0"/>
  <testcase name="timeoutIsReportedAsRootFsException" classname="cn.lineai.tool.builtin.RootFileExecutorTest" time="0.0"/>
  <testcase name="deleteUsesRmRfAndReportsFailure" classname="cn.lineai.tool.builtin.RootFileExecutorTest" time="0.0"/>
  <testcase name="readRangeUsesDdWithSkipAndCount" classname="cn.lineai.tool.builtin.RootFileExecutorTest" time="0.0"/>
  <testcase name="listChildrenSortsDirectoriesFirst" classname="cn.lineai.tool.builtin.RootFileExecutorTest" time="0.001"/>
  <testcase name="writeSendsBase64ThroughStdinNotArgv" classname="cn.lineai.tool.builtin.RootFileExecutorTest" time="0.001"/>
  <testcase name="writeReportsFailureExitCode" classname="cn.lineai.tool.builtin.RootFileExecutorTest" time="0.0"/>
  <testcase name="writeRejectsDirectoryTarget" classname="cn.lineai.tool.builtin.RootFileExecutorTest" time="0.0"/>
  <testcase name="absolutePathResolvesRelativeAgainstWorkspace" classname="cn.lineai.tool.builtin.RootFileExecutorTest" time="0.003">
    <failure message="org.junit.ComparisonFailure: expected:&lt;/data/project[]&gt; but was:&lt;/data/project[/]&gt;" type="org.junit.ComparisonFailure">org.junit.ComparisonFailure: expected:&lt;/data/project[]&gt; but was:&lt;/data/project[/]&gt;
	at org.junit.Assert.assertEquals(Assert.java:117)
	at org.junit.Assert.assertEquals(Assert.java:146)
	at cn.lineai.tool.builtin.RootFileExecutorTest.absolutePathResolvesRelativeAgainstWorkspace(RootFileExecutorTest.java:21)
	at java.base/jdk.internal.reflect.DirectMethodHandleAccessor.invoke(DirectMethodHandleAccessor.java:103)
	at java.base/java.lang.reflect.Method.invoke(Method.java:580)
	at org.junit.runners.model.FrameworkMethod$1.runReflectiveCall(FrameworkMethod.java:59)
	at org.junit.internal.runners.model.ReflectiveCallable.run(ReflectiveCallable.java:12)
	at org.junit.runners.model.FrameworkMethod.invokeExplosively(FrameworkMethod.java:56)
	at org.junit.internal.runners.statements.InvokeMethod.evaluate(InvokeMethod.java:17)
	at org.junit.runners.ParentRunner$3.evaluate(ParentRunner.java:306)
	at org.junit.runners.BlockJUnit4ClassRunner$1.evaluate(BlockJUnit4ClassRunner.java:100)
	at org.junit.runners.ParentRunner.runLeaf(ParentRunner.java:366)
	at org.junit.runners.BlockJUnit4ClassRunner.runChild(BlockJUnit4ClassRunner.java:103)
	at org.junit.runners.BlockJUnit4ClassRunner.runChild(BlockJUnit4ClassRunner.java:63)
	at org.junit.runners.ParentRunner$4.run(ParentRunner.java:331)
	at org.junit.runners.ParentRunner$1.schedule(ParentRunner.java:79)
	at org.junit.runners.ParentRunner.runChildren(ParentRunner.java:329)
	at org.junit.runners.ParentRunner.access$100(ParentRunner.java:66)
	at org.junit.runners.ParentRunner$2.evaluate(ParentRunner.java:293)
	at org.junit.runners.ParentRunner$3.evaluate(ParentRunner.java:306)
	at org.junit.runners.ParentRunner.run(ParentRunner.java:413)
	at org.junit.runner.JUnitCore.run(JUnitCore.java:137)
	at org.junit.runner.JUnitCore.run(JUnitCore.java:115)
	at org.gradle.api.internal.tasks.testing.junit.JUnitTestExecutor.runRequest(JUnitTestExecutor.java:175)
	at org.gradle.api.internal.tasks.testing.junit.JUnitTestExecutor.accept(JUnitTestExecutor.java:84)
	at org.gradle.api.internal.tasks.testing.junit.JUnitTestExecutor.accept(JUnitTestExecutor.java:47)
	at org.gradle.api.internal.tasks.testing.junit.AbstractJUnitTestDefinitionProcessor.processTestDefinition(AbstractJUnitTestDefinitionProcessor.java:65)
	at org.gradle.api.internal.tasks.testing.SuiteTestDefinitionProcessor.processTestDefinition(SuiteTestDefinitionProcessor.java:53)
	at java.base/jdk.internal.reflect.DirectMethodHandleAccessor.invoke(DirectMethodHandleAccessor.java:103)
	at java.base/java.lang.reflect.Method.invoke(Method.java:580)
	at org.gradle.internal.dispatch.MethodInvocation.invokeOn(MethodInvocation.java:77)
	at org.gradle.internal.dispatch.ReflectionDispatch.dispatch(ReflectionDispatch.java:28)
	at org.gradle.internal.dispatch.ReflectionDispatch.dispatch(ReflectionDispatch.java:19)
	at org.gradle.internal.dispatch.ContextClassLoaderDispatch.dispatch(ContextClassLoaderDispatch.java:33)
	at org.gradle.internal.dispatch.ProxyDispatchAdapter$DispatchingInvocationHandler.invoke(ProxyDispatchAdapter.java:88)
	at jdk.proxy1/jdk.proxy1.$Proxy4.processTestDefinition(Unknown Source)
	at org.gradle.api.internal.tasks.testing.worker.TestWorker$2.run(TestWorker.java:178)
	at org.gradle.api.internal.tasks.testing.worker.TestWorker.executeAndMaintainThreadName(TestWorker.java:126)
	at org.gradle.api.internal.tasks.testing.worker.TestWorker.execute(TestWorker.java:103)
	at org.gradle.api.internal.tasks.testing.worker.TestWorker.execute(TestWorker.java:63)
	at org.gradle.process.internal.worker.child.ActionExecutionWorker.execute(ActionExecutionWorker.java:56)
	at org.gradle.process.internal.worker.child.SystemApplicationClassLoaderWorker.call(SystemApplicationClassLoaderWorker.java:122)
	at org.gradle.process.internal.worker.child.SystemApplicationClassLoaderWorker.call(SystemApplicationClassLoaderWorker.java:72)
	at worker.org.gradle.process.internal.worker.GradleWorkerMain.run(GradleWorkerMain.java:69)
	at worker.org.gradle.process.internal.worker.GradleWorkerMain.main(GradleWorkerMain.java:74)
</failure>
  </testcase>
  <system-out><![CDATA[]]></system-out>
  <system-err><![CDATA[]]></system-err>
</testsuite>
