<?xml version="1.0" encoding="UTF-8"?>
<testsuite name="cn.lineai.mvp.LineCodeArchiveControllerTest" tests="6" skipped="0" failures="0" errors="0" timestamp="2026-09-04T03:28:25.865Z" hostname="runnervmejwal" time="0.005">
  <properties/>
  <testcase name="importCancelledClearsPendingImport" classname="cn.lineai.mvp.LineCodeArchiveControllerTest" time="0.003"/>
  <testcase name="requestExportUsesTimestampedArchiveName" classname="cn.lineai.mvp.LineCodeArchiveControllerTest" time="0.0"/>
  <testcase name="importFailureReportsErrorWithoutReloading" classname="cn.lineai.mvp.LineCodeArchiveControllerTest" time="0.001"/>
  <testcase name="importPickedConfirmsAndConfirmImportRunsLifecycle" classname="cn.lineai.mvp.LineCodeArchiveControllerTest" time="0.0"/>
  <testcase name="exportTargetPickedPersistsAndReportsSummary" classname="cn.lineai.mvp.LineCodeArchiveControllerTest" time="0.001"/>
  <testcase name="exportTargetPickedIgnoresBlankUri" classname="cn.lineai.mvp.LineCodeArchiveControllerTest" time="0.0"/>
  <system-out><![CDATA[]]></system-out>
  <system-err><![CDATA[]]></system-err>
</testsuite>
