<?xml version="1.0" encoding="UTF-8"?>
<testsuite name="cn.lineai.data.service.GitHubSkillInstallerTest" tests="4" skipped="0" failures="0" errors="0" timestamp="2026-09-04T03:39:36.098Z" hostname="runnervmgx7h7" time="0.002">
  <properties/>
  <testcase name="resolvesRepoRootToZipball" classname="cn.lineai.data.service.GitHubSkillInstallerTest" time="0.002"/>
  <testcase name="resolvesBlobSkillMdToRaw" classname="cn.lineai.data.service.GitHubSkillInstallerTest" time="0.0"/>
  <testcase name="rejectsNonGithub" classname="cn.lineai.data.service.GitHubSkillInstallerTest" time="0.0"/>
  <testcase name="resolvesRawSkillMd" classname="cn.lineai.data.service.GitHubSkillInstallerTest" time="0.0"/>
  <system-out><![CDATA[]]></system-out>
  <system-err><![CDATA[]]></system-err>
</testsuite>
