<?xml version="1.0" encoding="UTF-8"?>
<testsuite name="cn.lineai.mvp.GenerationControllerTest" tests="2" skipped="0" failures="0" errors="0" timestamp="2026-09-04T03:37:15.206Z" hostname="runnervmgx7h7" time="0.001">
  <properties/>
  <testcase name="enforcesFiniteToolCallLimit" classname="cn.lineai.mvp.GenerationControllerTest" time="0.0"/>
  <testcase name="unlimitedToolLimitAlwaysHasCapacity" classname="cn.lineai.mvp.GenerationControllerTest" time="0.001"/>
  <system-out><![CDATA[]]></system-out>
  <system-err><![CDATA[]]></system-err>
</testsuite>
