<?xml version="1.0" encoding="UTF-8"?>
<testsuite name="cn.lineai.mvp.ConversationResumeSanitizerTest" tests="10" skipped="0" failures="0" errors="0" timestamp="2026-09-04T03:39:36.238Z" hostname="runnervmgx7h7" time="0.004">
  <properties/>
  <testcase name="sanitizeAddsTerminatedResultForMissingToolResult" classname="cn.lineai.mvp.ConversationResumeSanitizerTest" time="0.001"/>
  <testcase name="sanitizeStopsStreamingAssistantAndCompactMessages" classname="cn.lineai.mvp.ConversationResumeSanitizerTest" time="0.0"/>
  <testcase name="sanitizeNestedAgentRunningToolCall" classname="cn.lineai.mvp.ConversationResumeSanitizerTest" time="0.0"/>
  <testcase name="sanitizePipelineProgressRunningAgents" classname="cn.lineai.mvp.ConversationResumeSanitizerTest" time="0.001"/>
  <testcase name="sanitizePendingToolResultWithEmptyContent" classname="cn.lineai.mvp.ConversationResumeSanitizerTest" time="0.0"/>
  <testcase name="sanitizeAgentProgressPendingStatus" classname="cn.lineai.mvp.ConversationResumeSanitizerTest" time="0.0"/>
  <testcase name="sanitizeReplacesPendingToolResult" classname="cn.lineai.mvp.ConversationResumeSanitizerTest" time="0.0"/>
  <testcase name="sanitizeAcceptedToolResultWithEmptyContent" classname="cn.lineai.mvp.ConversationResumeSanitizerTest" time="0.0"/>
  <testcase name="sanitizeRunningToolResultWithNonEmptyContent" classname="cn.lineai.mvp.ConversationResumeSanitizerTest" time="0.0"/>
  <testcase name="sanitizePipelineProgressNestedRunningToolCall" classname="cn.lineai.mvp.ConversationResumeSanitizerTest" time="0.0"/>
  <system-out><![CDATA[]]></system-out>
  <system-err><![CDATA[]]></system-err>
</testsuite>
