<?xml version="1.0" encoding="UTF-8"?>
<testsuite name="cn.lineai.data.db.LineCodeSchemaTest" tests="10" skipped="0" failures="0" errors="0" timestamp="2026-09-04T03:37:14.878Z" hostname="runnervmgx7h7" time="0.005">
  <properties/>
  <testcase name="versionIsAtLeastTwo" classname="cn.lineai.data.db.LineCodeSchemaTest" time="0.0"/>
  <testcase name="addColumnsSqlTargetsToolCallsObservability" classname="cn.lineai.data.db.LineCodeSchemaTest" time="0.001"/>
  <testcase name="createSqlAddsToolCallObservabilityColumns" classname="cn.lineai.data.db.LineCodeSchemaTest" time="0.001"/>
  <testcase name="createSqlContainsCoreDataSystems" classname="cn.lineai.data.db.LineCodeSchemaTest" time="0.001"/>
  <testcase name="dropSqlIncludesSchemaMigrationsTable" classname="cn.lineai.data.db.LineCodeSchemaTest" time="0.0"/>
  <testcase name="addColumnsSqlEntriesAreUnique" classname="cn.lineai.data.db.LineCodeSchemaTest" time="0.0"/>
  <testcase name="addColumnsSqlAndMigrationsAreNonEmpty" classname="cn.lineai.data.db.LineCodeSchemaTest" time="0.001"/>
  <testcase name="optionalSearchUsesNativeAndroidFts4" classname="cn.lineai.data.db.LineCodeSchemaTest" time="0.0"/>
  <testcase name="messageTextChunksSchemaIsDeclared" classname="cn.lineai.data.db.LineCodeSchemaTest" time="0.001"/>
  <testcase name="migrationsTableIsDeclared" classname="cn.lineai.data.db.LineCodeSchemaTest" time="0.0"/>
  <system-out><![CDATA[]]></system-out>
  <system-err><![CDATA[]]></system-err>
</testsuite>
