<?xml version="1.0" encoding="UTF-8"?>
<testsuite name="cn.lineai.ui.component.ToolCallPreviewSamplesTest" tests="3" skipped="0" failures="0" errors="0" timestamp="2026-09-04T03:37:15.344Z" hostname="runnervmgx7h7" time="0.001">
  <properties/>
  <testcase name="writeSampleIsPendingReview" classname="cn.lineai.ui.component.ToolCallPreviewSamplesTest" time="0.001"/>
  <testcase name="runningShellHasNullResult" classname="cn.lineai.ui.component.ToolCallPreviewSamplesTest" time="0.0"/>
  <testcase name="everyCategoryHasValidSample" classname="cn.lineai.ui.component.ToolCallPreviewSamplesTest" time="0.0"/>
  <system-out><![CDATA[]]></system-out>
  <system-err><![CDATA[]]></system-err>
</testsuite>
