<?xml version="1.0" encoding="UTF-8"?>
<testsuite name="cn.lineai.tool.ToolPermissionServiceModesTest" tests="6" skipped="0" failures="0" errors="0" timestamp="2026-09-04T04:09:01.106Z" hostname="runnervmgx7h7" time="0.003">
  <properties/>
  <testcase name="rootTargetIsAcceptedForToolsAndExtensions" classname="cn.lineai.tool.ToolPermissionServiceModesTest" time="0.001"/>
  <testcase name="autoModeStillConfirmsDangerousTools" classname="cn.lineai.tool.ToolPermissionServiceModesTest" time="0.001"/>
  <testcase name="confirmModeConfirmsEverything" classname="cn.lineai.tool.ToolPermissionServiceModesTest" time="0.0"/>
  <testcase name="fullAccessNeverAsksForConfirmation" classname="cn.lineai.tool.ToolPermissionServiceModesTest" time="0.0"/>
  <testcase name="unknownExecutionTargetIsRejected" classname="cn.lineai.tool.ToolPermissionServiceModesTest" time="0.0"/>
  <testcase name="readonlyModeStillBlocksWriteAndSkillTools" classname="cn.lineai.tool.ToolPermissionServiceModesTest" time="0.001"/>
  <system-out><![CDATA[]]></system-out>
  <system-err><![CDATA[]]></system-err>
</testsuite>
