<?xml version="1.0" encoding="UTF-8"?>
<testsuite name="cn.lineai.data.db.migration.AddToolCallObservabilityColumnsTest" tests="3" skipped="0" failures="0" errors="0" timestamp="2026-09-04T03:39:35.987Z" hostname="runnervmgx7h7" time="0.0">
  <properties/>
  <testcase name="allAddColumnsAreTargetedAtToolCalls" classname="cn.lineai.data.db.migration.AddToolCallObservabilityColumnsTest" time="0.0"/>
  <testcase name="targetsSchemaVersionTwo" classname="cn.lineai.data.db.migration.AddToolCallObservabilityColumnsTest" time="0.0"/>
  <testcase name="usesAddColumnsSqlFromSchema" classname="cn.lineai.data.db.migration.AddToolCallObservabilityColumnsTest" time="0.0"/>
  <system-out><![CDATA[]]></system-out>
  <system-err><![CDATA[]]></system-err>
</testsuite>
