<?xml version="1.0" encoding="UTF-8"?>
<testsuite name="cn.lineai.mvp.ProjectSheetControllerTest" tests="3" skipped="0" failures="0" errors="0" timestamp="2026-09-04T03:43:55.375Z" hostname="runnervmgx7h7" time="0.003">
  <properties/>
  <testcase name="remoteSshSheetOmitsLocalOpenAndStorageForNonTermuxHost" classname="cn.lineai.mvp.ProjectSheetControllerTest" time="0.002"/>
  <testcase name="termuxSshSheetIncludesLocalOpenAndStoragePermission" classname="cn.lineai.mvp.ProjectSheetControllerTest" time="0.0"/>
  <testcase name="localSheetIncludesProjectsOpenCreateAndStorage" classname="cn.lineai.mvp.ProjectSheetControllerTest" time="0.001"/>
  <system-out><![CDATA[]]></system-out>
  <system-err><![CDATA[]]></system-err>
</testsuite>
