<?xml version="1.0" encoding="UTF-8"?>
<testsuite name="cn.lineai.data.repository.ConversationMessageIdScopeTest" tests="4" skipped="0" failures="0" errors="0" timestamp="2026-09-04T03:37:14.955Z" hostname="runnervmgx7h7" time="0.003">
  <properties/>
  <testcase name="alreadyScopedIdsAreUnchanged" classname="cn.lineai.data.repository.ConversationMessageIdScopeTest" time="0.002"/>
  <testcase name="emptyIdUsesConversationOrderFallback" classname="cn.lineai.data.repository.ConversationMessageIdScopeTest" time="0.0"/>
  <testcase name="nonLegacyIdsAreUnchanged" classname="cn.lineai.data.repository.ConversationMessageIdScopeTest" time="0.001"/>
  <testcase name="bareLegacyIdsAreScopedToConversation" classname="cn.lineai.data.repository.ConversationMessageIdScopeTest" time="0.0"/>
  <system-out><![CDATA[]]></system-out>
  <system-err><![CDATA[]]></system-err>
</testsuite>
