<?xml version="1.0" encoding="UTF-8"?>
<testsuite name="cn.lineai.mvp.ModelPromptControllerTest" tests="3" skipped="0" failures="0" errors="0" timestamp="2026-09-04T03:43:55.363Z" hostname="runnervmgx7h7" time="0.003">
  <properties/>
  <testcase name="requestMessagesDropOrphanToolResultWithoutMatchingAssistantCall" classname="cn.lineai.mvp.ModelPromptControllerTest" time="0.002"/>
  <testcase name="requestMessagesAddInterruptedResultForMissingToolCallOutput" classname="cn.lineai.mvp.ModelPromptControllerTest" time="0.0"/>
  <testcase name="requestMessagesMoveExistingToolResultNextToAssistantToolCall" classname="cn.lineai.mvp.ModelPromptControllerTest" time="0.0"/>
  <system-out><![CDATA[]]></system-out>
  <system-err><![CDATA[]]></system-err>
</testsuite>
