<?xml version="1.0" encoding="UTF-8"?>
<testsuite name="cn.lineai.data.db.migration.MigrationsTest" tests="4" skipped="0" failures="0" errors="0" timestamp="2026-09-04T03:28:25.563Z" hostname="runnervmejwal" time="0.002">
  <properties/>
  <testcase name="migrationTargetsDoNotExceedSchemaVersion" classname="cn.lineai.data.db.migration.MigrationsTest" time="0.001"/>
  <testcase name="migrationTargetsAreUnique" classname="cn.lineai.data.db.migration.MigrationsTest" time="0.0"/>
  <testcase name="migrationListTargetsAreStrictlyIncreasing" classname="cn.lineai.data.db.migration.MigrationsTest" time="0.0"/>
  <testcase name="migrationListIsNotEmpty" classname="cn.lineai.data.db.migration.MigrationsTest" time="0.001"/>
  <system-out><![CDATA[]]></system-out>
  <system-err><![CDATA[]]></system-err>
</testsuite>
