<?xml version="1.0" encoding="UTF-8"?>
<testsuite name="cn.lineai.mvp.ToolRunControllerTest" tests="2" skipped="0" failures="0" errors="0" timestamp="2026-09-04T03:41:44.011Z" hostname="runnervmejwal" time="0.002">
  <properties/>
  <testcase name="remainingCallsSkipsCompletedPrefixAndNulls" classname="cn.lineai.mvp.ToolRunControllerTest" time="0.001"/>
  <testcase name="orderedResultsFollowOriginalToolCallOrder" classname="cn.lineai.mvp.ToolRunControllerTest" time="0.001"/>
  <system-out><![CDATA[]]></system-out>
  <system-err><![CDATA[]]></system-err>
</testsuite>
