<?xml version="1.0" encoding="UTF-8"?>
<testsuite name="cn.lineai.mvp.SettingsManagementControllerTest" tests="8" skipped="0" failures="0" errors="0" timestamp="2026-09-04T03:43:55.389Z" hostname="runnervmgx7h7" time="0.003">
  <properties/>
  <testcase name="imageUnderstandingModelSelectionReturnsToToolSettingsAndRenders" classname="cn.lineai.mvp.SettingsManagementControllerTest" time="0.002"/>
  <testcase name="thinkingScrollChangeRenders" classname="cn.lineai.mvp.SettingsManagementControllerTest" time="0.0"/>
  <testcase name="mcpToolGroupChangeRefreshesAndRenders" classname="cn.lineai.mvp.SettingsManagementControllerTest" time="0.0"/>
  <testcase name="mcpExecutionModeChangeCallsHostWithStoredMode" classname="cn.lineai.mvp.SettingsManagementControllerTest" time="0.0"/>
  <testcase name="memorySaveUsesCurrentProjectPath" classname="cn.lineai.mvp.SettingsManagementControllerTest" time="0.0"/>
  <testcase name="toneChangeDoesNotForceRender" classname="cn.lineai.mvp.SettingsManagementControllerTest" time="0.001"/>
  <testcase name="themeChangeRecreatesThemeScreen" classname="cn.lineai.mvp.SettingsManagementControllerTest" time="0.0"/>
  <testcase name="imageGenerationModelSelectionReturnsToToolSettingsAndRenders" classname="cn.lineai.mvp.SettingsManagementControllerTest" time="0.0"/>
  <system-out><![CDATA[]]></system-out>
  <system-err><![CDATA[]]></system-err>
</testsuite>
