<?xml version="1.0" encoding="UTF-8"?>
<testsuite name="cn.lineai.util.StringUtilsTest" tests="6" skipped="0" failures="0" errors="0" timestamp="2026-09-04T03:28:26.019Z" hostname="runnervmejwal" time="0.001">
  <properties/>
  <testcase name="keepsIncompleteEscapeSequences" classname="cn.lineai.util.StringUtilsTest" time="0.001"/>
  <testcase name="leavesPlainTextUnchanged" classname="cn.lineai.util.StringUtilsTest" time="0.0"/>
  <testcase name="decodesMixedContent" classname="cn.lineai.util.StringUtilsTest" time="0.0"/>
  <testcase name="handlesNullAndShortInput" classname="cn.lineai.util.StringUtilsTest" time="0.0"/>
  <testcase name="doesNotDecodeWindowsStylePaths" classname="cn.lineai.util.StringUtilsTest" time="0.0"/>
  <testcase name="decodesBasicUnicodeEscapes" classname="cn.lineai.util.StringUtilsTest" time="0.0"/>
  <system-out><![CDATA[]]></system-out>
  <system-err><![CDATA[]]></system-err>
</testsuite>
