<?xml version="1.0" encoding="UTF-8"?>
<testsuite name="cn.lineai.tool.ToolDisplayResolverFallbackTest" tests="3" skipped="0" failures="0" errors="0" timestamp="2026-09-04T03:43:55.452Z" hostname="runnervmgx7h7" time="0.001">
  <properties/>
  <testcase name="customAgentPrefixUsesAgentCategory" classname="cn.lineai.tool.ToolDisplayResolverFallbackTest" time="0.001"/>
  <testcase name="agentPipelineUsesPipelineCategory" classname="cn.lineai.tool.ToolDisplayResolverFallbackTest" time="0.0"/>
  <testcase name="builtInAgentUsesAgentCategory" classname="cn.lineai.tool.ToolDisplayResolverFallbackTest" time="0.0"/>
  <system-out><![CDATA[]]></system-out>
  <system-err><![CDATA[]]></system-err>
</testsuite>
