<?xml version="1.0" encoding="UTF-8"?>
<testsuite name="cn.lineai.model.ModelConfigTest" tests="2" skipped="0" failures="0" errors="0" timestamp="2026-09-04T03:43:55.314Z" hostname="runnervmgx7h7" time="0.001">
  <properties/>
  <testcase name="unsupportedProviderDisablesDedicatedCompression" classname="cn.lineai.model.ModelConfigTest" time="0.001"/>
  <testcase name="compressionModelConfigRoundTripsJson" classname="cn.lineai.model.ModelConfigTest" time="0.0"/>
  <system-out><![CDATA[]]></system-out>
  <system-err><![CDATA[]]></system-err>
</testsuite>
