<?xml version="1.0" encoding="UTF-8"?>
<testsuite name="cn.lineai.tool.ToolBuiltinsTest" tests="23" skipped="0" failures="0" errors="0" timestamp="2026-09-04T03:41:48.275Z" hostname="runnervmejwal" time="0.344">
  <properties/>
  <testcase name="globFindsFilesAndSkipsNodeModules" classname="cn.lineai.tool.ToolBuiltinsTest" time="0.01"/>
  <testcase name="fileReadLargeFileWithKbRangeDoesNotError" classname="cn.lineai.tool.ToolBuiltinsTest" time="0.077"/>
  <testcase name="webFetchRejectsRemoteCleartextHttp" classname="cn.lineai.tool.ToolBuiltinsTest" time="0.006"/>
  <testcase name="agentPipelineRejectsSelfDependency" classname="cn.lineai.tool.ToolBuiltinsTest" time="0.001"/>
  <testcase name="fileReadKbMidFileChunkReturnsCompleteLines" classname="cn.lineai.tool.ToolBuiltinsTest" time="0.024"/>
  <testcase name="agentPipelineRejectsDuplicateWriteScope" classname="cn.lineai.tool.ToolBuiltinsTest" time="0.002"/>
  <testcase name="agentFailsClearlyWhenRunnerMissing" classname="cn.lineai.tool.ToolBuiltinsTest" time="0.001"/>
  <testcase name="fileWriteCreatesParentDirectories" classname="cn.lineai.tool.ToolBuiltinsTest" time="0.002"/>
  <testcase name="agentPipelineRejectsNestedWriteScope" classname="cn.lineai.tool.ToolBuiltinsTest" time="0.004"/>
  <testcase name="fileEditReplacesUniqueMatchOnce" classname="cn.lineai.tool.ToolBuiltinsTest" time="0.002"/>
  <testcase name="fileReadRangeWithoutKbOnLargeFileErrors" classname="cn.lineai.tool.ToolBuiltinsTest" time="0.002"/>
  <testcase name="fileDeleteRequiresReason" classname="cn.lineai.tool.ToolBuiltinsTest" time="0.002"/>
  <testcase name="fileReadEndKbBeyond50ReadsPastFirst50Kb" classname="cn.lineai.tool.ToolBuiltinsTest" time="0.188"/>
  <testcase name="agentPipelineRequiresSubCodingWriteScope" classname="cn.lineai.tool.ToolBuiltinsTest" time="0.002"/>
  <testcase name="fileEditRejectsMultipleMatchesWithoutReplaceAll" classname="cn.lineai.tool.ToolBuiltinsTest" time="0.001"/>
  <testcase name="fileReadWithKbRange" classname="cn.lineai.tool.ToolBuiltinsTest" time="0.001"/>
  <testcase name="fileEditReplaceAllReplacesEveryOccurrence" classname="cn.lineai.tool.ToolBuiltinsTest" time="0.002"/>
  <testcase name="builtinToolsDeclareViewClasses" classname="cn.lineai.tool.ToolBuiltinsTest" time="0.004"/>
  <testcase name="fileDeleteDeletesRequestedPaths" classname="cn.lineai.tool.ToolBuiltinsTest" time="0.001"/>
  <testcase name="agentExploreRejectsWriteScope" classname="cn.lineai.tool.ToolBuiltinsTest" time="0.001"/>
  <testcase name="webSearchFailsClearlyWhenNotConfigured" classname="cn.lineai.tool.ToolBuiltinsTest" time="0.001"/>
  <testcase name="fileReadReturnsNumberedLines" classname="cn.lineai.tool.ToolBuiltinsTest" time="0.001"/>
  <testcase name="fileWriteRejectsPathTraversalOutsideWorkspace" classname="cn.lineai.tool.ToolBuiltinsTest" time="0.001"/>
  <system-out><![CDATA[]]></system-out>
  <system-err><![CDATA[]]></system-err>
</testsuite>
