<?xml version="1.0" encoding="UTF-8"?>
<testsuite name="cn.lineai.mvp.LineCodeArchiveControllerTest" tests="6" skipped="0" failures="0" errors="0" timestamp="2026-09-04T03:43:55.355Z" hostname="runnervmgx7h7" time="0.004">
  <properties/>
  <testcase name="importCancelledClearsPendingImport" classname="cn.lineai.mvp.LineCodeArchiveControllerTest" time="0.002"/>
  <testcase name="requestExportUsesTimestampedArchiveName" classname="cn.lineai.mvp.LineCodeArchiveControllerTest" time="0.0"/>
  <testcase name="importFailureReportsErrorWithoutReloading" classname="cn.lineai.mvp.LineCodeArchiveControllerTest" time="0.0"/>
  <testcase name="importPickedConfirmsAndConfirmImportRunsLifecycle" classname="cn.lineai.mvp.LineCodeArchiveControllerTest" time="0.001"/>
  <testcase name="exportTargetPickedPersistsAndReportsSummary" classname="cn.lineai.mvp.LineCodeArchiveControllerTest" time="0.0"/>
  <testcase name="exportTargetPickedIgnoresBlankUri" classname="cn.lineai.mvp.LineCodeArchiveControllerTest" time="0.0"/>
  <system-out><![CDATA[]]></system-out>
  <system-err><![CDATA[]]></system-err>
</testsuite>
