<?xml version="1.0" encoding="UTF-8"?>
<testsuite name="cn.lineai.data.repository.LearningContextRepositoryRankingTest" tests="4" skipped="0" failures="0" errors="0" timestamp="2026-09-04T03:39:36.042Z" hostname="runnervmgx7h7" time="0.004">
  <properties/>
  <testcase name="recencyDecaysWithAge" classname="cn.lineai.data.repository.LearningContextRepositoryRankingTest" time="0.002"/>
  <testcase name="relevantDocumentScoresHigherThanUnrelatedDocument" classname="cn.lineai.data.repository.LearningContextRepositoryRankingTest" time="0.001"/>
  <testcase name="extractsMultilingualTechnicalKeywords" classname="cn.lineai.data.repository.LearningContextRepositoryRankingTest" time="0.001"/>
  <testcase name="rankingScoreAddsSmallRecencyAndBoost" classname="cn.lineai.data.repository.LearningContextRepositoryRankingTest" time="0.0"/>
  <system-out><![CDATA[]]></system-out>
  <system-err><![CDATA[]]></system-err>
</testsuite>
