<?xml version="1.0" encoding="UTF-8"?>
<testsuite name="cn.lineai.context.ContextManagerTest" tests="4" skipped="0" failures="0" errors="0" timestamp="2026-09-04T03:28:25.530Z" hostname="runnervmejwal" time="0.017">
  <properties/>
  <testcase name="reasoningCanBeExcludedFromContextBudget" classname="cn.lineai.context.ContextManagerTest" time="0.004"/>
  <testcase name="snapshotEstimatesPercent" classname="cn.lineai.context.ContextManagerTest" time="0.0"/>
  <testcase name="selectWindowKeepsRecentMessagesWithinBudget" classname="cn.lineai.context.ContextManagerTest" time="0.001"/>
  <testcase name="selectWindowKeepsAssistantToolCallsWithToolResults" classname="cn.lineai.context.ContextManagerTest" time="0.004"/>
  <system-out><![CDATA[]]></system-out>
  <system-err><![CDATA[]]></system-err>
</testsuite>
