<?xml version="1.0" encoding="UTF-8"?>
<testsuite name="cn.lineai.data.repository.FileTreeRepositoryTest" tests="2" skipped="0" failures="0" errors="0" timestamp="2026-09-04T03:37:14.962Z" hostname="runnervmgx7h7" time="0.004">
  <properties/>
  <testcase name="buildTreeSortsDirectoriesBeforeFilesAndExpandsSelectedPath" classname="cn.lineai.data.repository.FileTreeRepositoryTest" time="0.003"/>
  <testcase name="missingRootStillRendersAsEmptyDirectory" classname="cn.lineai.data.repository.FileTreeRepositoryTest" time="0.001"/>
  <system-out><![CDATA[]]></system-out>
  <system-err><![CDATA[]]></system-err>
</testsuite>
