<?xml version="1.0" encoding="UTF-8"?>
<testsuite name="cn.lineai.ipc.ScannedProviderTest" tests="2" skipped="0" failures="0" errors="0" timestamp="2026-09-04T03:41:43.871Z" hostname="runnervmejwal" time="0.001">
  <properties/>
  <testcase name="constructorHandlesNullValues" classname="cn.lineai.ipc.ScannedProviderTest" time="0.001"/>
  <testcase name="constructorSetsAllFields" classname="cn.lineai.ipc.ScannedProviderTest" time="0.0"/>
  <system-out><![CDATA[]]></system-out>
  <system-err><![CDATA[]]></system-err>
</testsuite>
