<?xml version="1.0" encoding="UTF-8"?>
<testsuite name="cn.lineai.security.UrlPolicyTest" tests="4" skipped="0" failures="0" errors="0" timestamp="2026-09-04T03:39:36.348Z" hostname="runnervmgx7h7" time="0.002">
  <properties/>
  <testcase name="rejectsRemoteCleartextHttpUrls" classname="cn.lineai.security.UrlPolicyTest" time="0.001"/>
  <testcase name="acceptsHttpsUrls" classname="cn.lineai.security.UrlPolicyTest" time="0.001"/>
  <testcase name="rejectsNonHttpSchemes" classname="cn.lineai.security.UrlPolicyTest" time="0.0"/>
  <testcase name="acceptsLocalCleartextHttpUrls" classname="cn.lineai.security.UrlPolicyTest" time="0.0"/>
  <system-out><![CDATA[]]></system-out>
  <system-err><![CDATA[]]></system-err>
</testsuite>
