<?xml version="1.0" encoding="UTF-8"?>
<testsuite name="cn.lineai.tool.SkillToolsTest" tests="15" skipped="0" failures="0" errors="0" timestamp="2026-09-04T04:09:00.834Z" hostname="runnervmgx7h7" time="0.059">
  <properties/>
  <testcase name="deleteRemovesResolvedSkill" classname="cn.lineai.tool.SkillToolsTest" time="0.004"/>
  <testcase name="listShowsIdLocationAndEnabledState" classname="cn.lineai.tool.SkillToolsTest" time="0.003"/>
  <testcase name="createNormalizesUnknownLocationToApp" classname="cn.lineai.tool.SkillToolsTest" time="0.003"/>
  <testcase name="setEnabledReportsUnknownSkill" classname="cn.lineai.tool.SkillToolsTest" time="0.002"/>
  <testcase name="toolsRequireExtensionStore" classname="cn.lineai.tool.SkillToolsTest" time="0.002"/>
  <testcase name="createRequiresName" classname="cn.lineai.tool.SkillToolsTest" time="0.002"/>
  <testcase name="installWithoutSourceIsRejected" classname="cn.lineai.tool.SkillToolsTest" time="0.003"/>
  <testcase name="listCanFilterToEnabledOnly" classname="cn.lineai.tool.SkillToolsTest" time="0.002"/>
  <testcase name="mutatingToolsAskForConfirmationAndListDoesNot" classname="cn.lineai.tool.SkillToolsTest" time="0.0"/>
  <testcase name="allFiveSkillToolsAreRegisteredAsBuiltins" classname="cn.lineai.tool.SkillToolsTest" time="0.019"/>
  <testcase name="createWritesSkillIntoRequestedLocation" classname="cn.lineai.tool.SkillToolsTest" time="0.003"/>
  <testcase name="repositoryFailureIsSurroundedByFriendlyMessage" classname="cn.lineai.tool.SkillToolsTest" time="0.002"/>
  <testcase name="listWithoutSkillsExplainsHowToInstall" classname="cn.lineai.tool.SkillToolsTest" time="0.002"/>
  <testcase name="setEnabledResolvesByNameAndDelegatesId" classname="cn.lineai.tool.SkillToolsTest" time="0.002"/>
  <testcase name="installSupportsLocalPathUriAndGitHub" classname="cn.lineai.tool.SkillToolsTest" time="0.005"/>
  <system-out><![CDATA[]]></system-out>
  <system-err><![CDATA[]]></system-err>
</testsuite>
