<?xml version="1.0" encoding="UTF-8"?>
<testsuite name="cn.lineai.mvp.ActivityGenerationLifecyclePolicyTest" tests="3" skipped="0" failures="0" errors="0" timestamp="2026-09-04T04:08:55.423Z" hostname="runnervmgx7h7" time="0.001">
  <properties/>
  <testcase name="returningToForegroundNeverStopsGeneration" classname="cn.lineai.mvp.ActivityGenerationLifecyclePolicyTest" time="0.001"/>
  <testcase name="homeOrTaskSwitchDoesNotStopGeneration" classname="cn.lineai.mvp.ActivityGenerationLifecyclePolicyTest" time="0.0"/>
  <testcase name="finishingActivityStopsGeneration" classname="cn.lineai.mvp.ActivityGenerationLifecyclePolicyTest" time="0.0"/>
  <system-out><![CDATA[]]></system-out>
  <system-err><![CDATA[]]></system-err>
</testsuite>
