<?xml version="1.0" encoding="UTF-8"?>
<testsuite name="cn.lineai.mvp.ActivityGenerationLifecyclePolicyTest" tests="3" skipped="0" failures="0" errors="0" timestamp="2026-09-04T03:28:25.826Z" hostname="runnervmejwal" time="0.002">
  <properties/>
  <testcase name="returningToForegroundNeverStopsGeneration" classname="cn.lineai.mvp.ActivityGenerationLifecyclePolicyTest" time="0.0"/>
  <testcase name="homeOrTaskSwitchDoesNotStopGeneration" classname="cn.lineai.mvp.ActivityGenerationLifecyclePolicyTest" time="0.0"/>
  <testcase name="finishingActivityStopsGeneration" classname="cn.lineai.mvp.ActivityGenerationLifecyclePolicyTest" time="0.0"/>
  <system-out><![CDATA[]]></system-out>
  <system-err><![CDATA[]]></system-err>
</testsuite>
