<?xml version="1.0" encoding="UTF-8"?>
<testsuite name="cn.lineai.ipc.IpcProviderConfigTest" tests="6" skipped="0" failures="0" errors="0" timestamp="2026-09-04T03:37:15.043Z" hostname="runnervmgx7h7" time="0.002">
  <properties/>
  <testcase name="builderDefaultsToEnabledTrue" classname="cn.lineai.ipc.IpcProviderConfigTest" time="0.0"/>
  <testcase name="builderCanDisableProvider" classname="cn.lineai.ipc.IpcProviderConfigTest" time="0.0"/>
  <testcase name="directConstructorHandlesNullValues" classname="cn.lineai.ipc.IpcProviderConfigTest" time="0.0"/>
  <testcase name="builderDefaultsEmptyStringsToEmpty" classname="cn.lineai.ipc.IpcProviderConfigTest" time="0.0"/>
  <testcase name="builderSetsAllFields" classname="cn.lineai.ipc.IpcProviderConfigTest" time="0.001"/>
  <testcase name="builderDefaultsTimestampsToCurrentTime" classname="cn.lineai.ipc.IpcProviderConfigTest" time="0.0"/>
  <system-out><![CDATA[]]></system-out>
  <system-err><![CDATA[]]></system-err>
</testsuite>
