<?xml version="1.0" encoding="UTF-8"?>
<testsuite name="cn.lineai.ui.component.WorkingStatusViewTest" tests="2" skipped="0" failures="0" errors="0" timestamp="2026-09-04T04:08:55.612Z" hostname="runnervmgx7h7" time="0.005">
  <properties/>
  <testcase name="thinkingStateOnlyAppliesBeforeResponseTextStarts" classname="cn.lineai.ui.component.WorkingStatusViewTest" time="0.004"/>
  <testcase name="highlightColorRemainsVisibleOnLightThemes" classname="cn.lineai.ui.component.WorkingStatusViewTest" time="0.001"/>
  <system-out><![CDATA[]]></system-out>
  <system-err><![CDATA[]]></system-err>
</testsuite>
