<?xml version="1.0" encoding="UTF-8"?>
<testsuite name="cn.lineai.data.importer.LineCodeImportMapperTest" tests="2" skipped="0" failures="0" errors="0" timestamp="2026-09-04T03:37:14.947Z" hostname="runnervmgx7h7" time="0.005">
  <properties/>
  <testcase name="importsFileConversationManifest" classname="cn.lineai.data.importer.LineCodeImportMapperTest" time="0.003"/>
  <testcase name="importsInlineAsyncStorageBackupShape" classname="cn.lineai.data.importer.LineCodeImportMapperTest" time="0.002"/>
  <system-out><![CDATA[]]></system-out>
  <system-err><![CDATA[]]></system-err>
</testsuite>
