<?xml version="1.0" encoding="UTF-8"?>
<testsuite name="cn.lineai.tool.ToolRegistryTest" tests="5" skipped="0" failures="0" errors="0" timestamp="2026-09-04T03:37:15.314Z" hostname="runnervmgx7h7" time="0.002">
  <properties/>
  <testcase name="registersImageGenerationTool" classname="cn.lineai.tool.ToolRegistryTest" time="0.0"/>
  <testcase name="registersMemoryUpdateTool" classname="cn.lineai.tool.ToolRegistryTest" time="0.0"/>
  <testcase name="registersWebTools" classname="cn.lineai.tool.ToolRegistryTest" time="0.0"/>
  <testcase name="registersImageUnderstandingTool" classname="cn.lineai.tool.ToolRegistryTest" time="0.0"/>
  <testcase name="registersAgentTools" classname="cn.lineai.tool.ToolRegistryTest" time="0.0"/>
  <system-out><![CDATA[]]></system-out>
  <system-err><![CDATA[]]></system-err>
</testsuite>
