<?xml version="1.0" encoding="UTF-8"?>
<testsuite name="cn.lineai.tool.builtin.search.BingRssSearchProviderTest" tests="4" skipped="0" failures="0" errors="0" timestamp="2026-09-04T03:39:41.229Z" hostname="runnervmgx7h7" time="0.011">
  <properties/>
  <testcase name="buildRequestUsesBingRssEndpointWithRequiredParameters" classname="cn.lineai.tool.builtin.search.BingRssSearchProviderTest" time="0.01"/>
  <testcase name="buildRequestClampsLimitToTen" classname="cn.lineai.tool.builtin.search.BingRssSearchProviderTest" time="0.0"/>
  <testcase name="providerIdIsBingRssFree" classname="cn.lineai.tool.builtin.search.BingRssSearchProviderTest" time="0.001"/>
  <testcase name="buildRequestHonoursCustomBaseUrlWhenProvided" classname="cn.lineai.tool.builtin.search.BingRssSearchProviderTest" time="0.0"/>
  <system-out><![CDATA[]]></system-out>
  <system-err><![CDATA[]]></system-err>
</testsuite>
