<?xml version="1.0" encoding="UTF-8"?>
<testsuite name="cn.lineai.mvp.FileOperationControllerTest" tests="9" skipped="0" failures="0" errors="0" timestamp="2026-09-04T03:28:25.844Z" hostname="runnervmejwal" time="0.007">
  <properties/>
  <testcase name="requestDeleteBuildsConfirmationDialog" classname="cn.lineai.mvp.FileOperationControllerTest" time="0.003"/>
  <testcase name="createFileUsesLocalStoreAndRenders" classname="cn.lineai.mvp.FileOperationControllerTest" time="0.001"/>
  <testcase name="renameUsesParentPathForRefresh" classname="cn.lineai.mvp.FileOperationControllerTest" time="0.0"/>
  <testcase name="fileActionsForRootDirectoryHideDangerousRootActions" classname="cn.lineai.mvp.FileOperationControllerTest" time="0.001"/>
  <testcase name="createFolderUsesSshStoreAndRefreshesSshTree" classname="cn.lineai.mvp.FileOperationControllerTest" time="0.0"/>
  <testcase name="fileActionsForDirectoryIncludePasteWhenClipboardMatchesMode" classname="cn.lineai.mvp.FileOperationControllerTest" time="0.0"/>
  <testcase name="pasteUsesClipboardPathAndTargetDirectory" classname="cn.lineai.mvp.FileOperationControllerTest" time="0.001"/>
  <testcase name="pasteIsIgnoredWhenClipboardModeDiffers" classname="cn.lineai.mvp.FileOperationControllerTest" time="0.0"/>
  <testcase name="failureShowsNoticeWithoutRender" classname="cn.lineai.mvp.FileOperationControllerTest" time="0.001"/>
  <system-out><![CDATA[]]></system-out>
  <system-err><![CDATA[]]></system-err>
</testsuite>
